{"I:\\PROGRAMMING\\WEB\\GIT\\LEARNING\\React-all-courses\\Ulbi-react-course\\new_version\\src\\shared\\lib\\classNames\\classNames.ts": {"path":"I:\\PROGRAMMING\\WEB\\GIT\\LEARNING\\React-all-courses\\Ulbi-react-course\\new_version\\src\\shared\\lib\\classNames\\classNames.ts","statementMap":{"0":{"start":{"line":8,"column":2},"end":{"line":14,"column":14}},"1":{"start":{"line":12,"column":38},"end":{"line":12,"column":52}},"2":{"start":{"line":13,"column":28},"end":{"line":13,"column":37}}},"fnMap":{"0":{"name":"classNames","decl":{"start":{"line":3,"column":16},"end":{"line":3,"column":26}},"loc":{"start":{"line":7,"column":10},"end":{"line":15,"column":1}},"line":7},"1":{"name":"(anonymous_1)","decl":{"start":{"line":12,"column":14},"end":{"line":12,"column":15}},"loc":{"start":{"line":12,"column":38},"end":{"line":12,"column":52}},"line":12},"2":{"name":"(anonymous_2)","decl":{"start":{"line":13,"column":11},"end":{"line":13,"column":12}},"loc":{"start":{"line":13,"column":28},"end":{"line":13,"column":37}},"line":13}},"branchMap":{"0":{"loc":{"start":{"line":5,"column":2},"end":{"line":5,"column":17}},"type":"default-arg","locations":[{"start":{"line":5,"column":15},"end":{"line":5,"column":17}}],"line":5},"1":{"loc":{"start":{"line":6,"column":2},"end":{"line":6,"column":27}},"type":"default-arg","locations":[{"start":{"line":6,"column":25},"end":{"line":6,"column":27}}],"line":6}},"s":{"0":6,"1":6,"2":3},"f":{"0":6,"1":6,"2":3},"b":{"0":[1],"1":[1]},"_coverageSchema":"1a1c01bbd47fc00a2c39e90264f33305004495a9","hash":"015d831ad8af937e24589629d8e536095ba468ff"}
,"I:\\PROGRAMMING\\WEB\\GIT\\LEARNING\\React-all-courses\\Ulbi-react-course\\new_version\\src\\shared\\ui\\Button\\Button.tsx": {"path":"I:\\PROGRAMMING\\WEB\\GIT\\LEARNING\\React-all-courses\\Ulbi-react-course\\new_version\\src\\shared\\ui\\Button\\Button.tsx","statementMap":{"0":{"start":{"line":15,"column":45},"end":{"line":26,"column":1}},"1":{"start":{"line":16,"column":50},"end":{"line":16,"column":55}},"2":{"start":{"line":18,"column":2},"end":{"line":25,"column":4}}},"fnMap":{"0":{"name":"(anonymous_0)","decl":{"start":{"line":15,"column":45},"end":{"line":15,"column":46}},"loc":{"start":{"line":15,"column":56},"end":{"line":26,"column":1}},"line":15}},"branchMap":{},"s":{"0":1,"1":1,"2":1},"f":{"0":1},"b":{},"_coverageSchema":"1a1c01bbd47fc00a2c39e90264f33305004495a9","hash":"dea7ce294b54b1669ddb2f1e64f4f77a9320b335"}
}
