{"I:\\PROGRAMMING\\WEB\\GIT\\LEARNING\\React-all-courses\\Ulbi-react-course\\new_version\\config\\jest\\jestEmptyComponent.tsx": {"path":"I:\\PROGRAMMING\\WEB\\GIT\\LEARNING\\React-all-courses\\Ulbi-react-course\\new_version\\config\\jest\\jestEmptyComponent.tsx","statementMap":{"0":{"start":{"line":3,"column":27},"end":{"line":5,"column":1}},"1":{"start":{"line":4,"column":2},"end":{"line":4,"column":17}}},"fnMap":{"0":{"name":"(anonymous_0)","decl":{"start":{"line":3,"column":27},"end":{"line":3,"column":28}},"loc":{"start":{"line":3,"column":33},"end":{"line":5,"column":1}},"line":3}},"branchMap":{},"s":{"0":1,"1":3},"f":{"0":3},"b":{},"_coverageSchema":"1a1c01bbd47fc00a2c39e90264f33305004495a9","hash":"9fee05aa4eff3928d9a078fe35b05d16a8edb14e"}
,"I:\\PROGRAMMING\\WEB\\GIT\\LEARNING\\React-all-courses\\Ulbi-react-course\\new_version\\src\\app\\providers\\ThemeProvider\\index.ts": {"path":"I:\\PROGRAMMING\\WEB\\GIT\\LEARNING\\React-all-courses\\Ulbi-react-course\\new_version\\src\\app\\providers\\ThemeProvider\\index.ts","statementMap":{},"fnMap":{},"branchMap":{},"s":{},"f":{},"b":{},"_coverageSchema":"1a1c01bbd47fc00a2c39e90264f33305004495a9","hash":"d3852afbd1a8de22ca05d06c4d9ff00055aa76da"}
,"I:\\PROGRAMMING\\WEB\\GIT\\LEARNING\\React-all-courses\\Ulbi-react-course\\new_version\\src\\app\\providers\\ThemeProvider\\lib\\ThemeContext.ts": {"path":"I:\\PROGRAMMING\\WEB\\GIT\\LEARNING\\React-all-courses\\Ulbi-react-course\\new_version\\src\\app\\providers\\ThemeProvider\\lib\\ThemeContext.ts","statementMap":{"0":{"start":{"line":13,"column":28},"end":{"line":13,"column":64}},"1":{"start":{"line":15,"column":39},"end":{"line":15,"column":46}}},"fnMap":{},"branchMap":{},"s":{"0":1,"1":1},"f":{},"b":{},"_coverageSchema":"1a1c01bbd47fc00a2c39e90264f33305004495a9","hash":"4fb69c002d985003e8da0243de14a10b18fe8bce"}
,"I:\\PROGRAMMING\\WEB\\GIT\\LEARNING\\React-all-courses\\Ulbi-react-course\\new_version\\src\\app\\providers\\ThemeProvider\\lib\\useTheme.ts": {"path":"I:\\PROGRAMMING\\WEB\\GIT\\LEARNING\\React-all-courses\\Ulbi-react-course\\new_version\\src\\app\\providers\\ThemeProvider\\lib\\useTheme.ts","statementMap":{"0":{"start":{"line":10,"column":30},"end":{"line":10,"column":54}},"1":{"start":{"line":12,"column":24},"end":{"line":16,"column":5}},"2":{"start":{"line":13,"column":25},"end":{"line":13,"column":72}},"3":{"start":{"line":14,"column":8},"end":{"line":14,"column":27}},"4":{"start":{"line":15,"column":8},"end":{"line":15,"column":63}},"5":{"start":{"line":18,"column":4},"end":{"line":21,"column":5}}},"fnMap":{"0":{"name":"useTheme","decl":{"start":{"line":9,"column":16},"end":{"line":9,"column":24}},"loc":{"start":{"line":9,"column":43},"end":{"line":22,"column":1}},"line":9},"1":{"name":"(anonymous_1)","decl":{"start":{"line":12,"column":24},"end":{"line":12,"column":25}},"loc":{"start":{"line":12,"column":30},"end":{"line":16,"column":5}},"line":12}},"branchMap":{"0":{"loc":{"start":{"line":13,"column":25},"end":{"line":13,"column":72}},"type":"cond-expr","locations":[{"start":{"line":13,"column":48},"end":{"line":13,"column":59}},{"start":{"line":13,"column":62},"end":{"line":13,"column":72}}],"line":13}},"s":{"0":3,"1":3,"2":0,"3":0,"4":0,"5":3},"f":{"0":3,"1":0},"b":{"0":[0,0]},"_coverageSchema":"1a1c01bbd47fc00a2c39e90264f33305004495a9","hash":"103553b639b71cb47e17580e63bb9de24d5c03d1"}
,"I:\\PROGRAMMING\\WEB\\GIT\\LEARNING\\React-all-courses\\Ulbi-react-course\\new_version\\src\\app\\providers\\ThemeProvider\\ui\\ThemeProvider.tsx": {"path":"I:\\PROGRAMMING\\WEB\\GIT\\LEARNING\\React-all-courses\\Ulbi-react-course\\new_version\\src\\app\\providers\\ThemeProvider\\ui\\ThemeProvider.tsx","statementMap":{"0":{"start":{"line":9,"column":2},"end":{"line":9,"column":73}},"1":{"start":{"line":15,"column":37},"end":{"line":31,"column":1}},"2":{"start":{"line":16,"column":28},"end":{"line":16,"column":57}},"3":{"start":{"line":18,"column":23},"end":{"line":24,"column":3}},"4":{"start":{"line":19,"column":11},"end":{"line":22,"column":5}},"5":{"start":{"line":26,"column":2},"end":{"line":30,"column":4}}},"fnMap":{"0":{"name":"(anonymous_0)","decl":{"start":{"line":15,"column":37},"end":{"line":15,"column":38}},"loc":{"start":{"line":15,"column":55},"end":{"line":31,"column":1}},"line":15},"1":{"name":"(anonymous_1)","decl":{"start":{"line":19,"column":4},"end":{"line":19,"column":5}},"loc":{"start":{"line":19,"column":11},"end":{"line":22,"column":5}},"line":19}},"branchMap":{"0":{"loc":{"start":{"line":9,"column":2},"end":{"line":9,"column":73}},"type":"binary-expr","locations":[{"start":{"line":9,"column":3},"end":{"line":9,"column":57}},{"start":{"line":9,"column":62},"end":{"line":9,"column":73}}],"line":9}},"s":{"0":1,"1":1,"2":0,"3":0,"4":0,"5":0},"f":{"0":0,"1":0},"b":{"0":[1,1]},"_coverageSchema":"1a1c01bbd47fc00a2c39e90264f33305004495a9","hash":"117a9440f6a08457aaf8a4bc9bdc2e6e4d0e4d8e"}
,"I:\\PROGRAMMING\\WEB\\GIT\\LEARNING\\React-all-courses\\Ulbi-react-course\\new_version\\src\\entities\\Counter\\model\\selectors\\getCounter\\getCounter.ts": {"path":"I:\\PROGRAMMING\\WEB\\GIT\\LEARNING\\React-all-courses\\Ulbi-react-course\\new_version\\src\\entities\\Counter\\model\\selectors\\getCounter\\getCounter.ts","statementMap":{"0":{"start":{"line":3,"column":26},"end":{"line":3,"column":63}},"1":{"start":{"line":3,"column":50},"end":{"line":3,"column":63}}},"fnMap":{"0":{"name":"(anonymous_0)","decl":{"start":{"line":3,"column":26},"end":{"line":3,"column":27}},"loc":{"start":{"line":3,"column":50},"end":{"line":3,"column":63}},"line":3}},"branchMap":{},"s":{"0":2,"1":2},"f":{"0":2},"b":{},"_coverageSchema":"1a1c01bbd47fc00a2c39e90264f33305004495a9","hash":"50c9c424e795ea4b4630611c773030db0623c123"}
,"I:\\PROGRAMMING\\WEB\\GIT\\LEARNING\\React-all-courses\\Ulbi-react-course\\new_version\\src\\entities\\Counter\\model\\selectors\\getCounterValue\\getCounterValue.ts": {"path":"I:\\PROGRAMMING\\WEB\\GIT\\LEARNING\\React-all-courses\\Ulbi-react-course\\new_version\\src\\entities\\Counter\\model\\selectors\\getCounterValue\\getCounterValue.ts","statementMap":{"0":{"start":{"line":5,"column":31},"end":{"line":8,"column":1}},"1":{"start":{"line":7,"column":31},"end":{"line":7,"column":44}}},"fnMap":{"0":{"name":"(anonymous_0)","decl":{"start":{"line":7,"column":2},"end":{"line":7,"column":3}},"loc":{"start":{"line":7,"column":31},"end":{"line":7,"column":44}},"line":7}},"branchMap":{},"s":{"0":1,"1":1},"f":{"0":1},"b":{},"_coverageSchema":"1a1c01bbd47fc00a2c39e90264f33305004495a9","hash":"e21a3cb2d1a832c15d994f4b41c855d2bc473eff"}
,"I:\\PROGRAMMING\\WEB\\GIT\\LEARNING\\React-all-courses\\Ulbi-react-course\\new_version\\src\\entities\\Counter\\model\\slice\\counterSlice.ts": {"path":"I:\\PROGRAMMING\\WEB\\GIT\\LEARNING\\React-all-courses\\Ulbi-react-course\\new_version\\src\\entities\\Counter\\model\\slice\\counterSlice.ts","statementMap":{"0":{"start":{"line":4,"column":44},"end":{"line":6,"column":1}},"1":{"start":{"line":8,"column":28},"end":{"line":19,"column":2}},"2":{"start":{"line":13,"column":6},"end":{"line":13,"column":23}},"3":{"start":{"line":16,"column":6},"end":{"line":16,"column":23}},"4":{"start":{"line":21,"column":43},"end":{"line":21,"column":55}},"5":{"start":{"line":22,"column":43},"end":{"line":22,"column":55}}},"fnMap":{"0":{"name":"(anonymous_0)","decl":{"start":{"line":12,"column":15},"end":{"line":12,"column":16}},"loc":{"start":{"line":12,"column":26},"end":{"line":14,"column":5}},"line":12},"1":{"name":"(anonymous_1)","decl":{"start":{"line":15,"column":15},"end":{"line":15,"column":16}},"loc":{"start":{"line":15,"column":26},"end":{"line":17,"column":5}},"line":15}},"branchMap":{},"s":{"0":1,"1":1,"2":2,"3":1,"4":1,"5":1},"f":{"0":2,"1":1},"b":{},"_coverageSchema":"1a1c01bbd47fc00a2c39e90264f33305004495a9","hash":"86afcc39409507849ccde6ef29cf5626b3a46252"}
,"I:\\PROGRAMMING\\WEB\\GIT\\LEARNING\\React-all-courses\\Ulbi-react-course\\new_version\\src\\pages\\AboutPage\\index.ts": {"path":"I:\\PROGRAMMING\\WEB\\GIT\\LEARNING\\React-all-courses\\Ulbi-react-course\\new_version\\src\\pages\\AboutPage\\index.ts","statementMap":{},"fnMap":{},"branchMap":{},"s":{},"f":{},"b":{},"_coverageSchema":"1a1c01bbd47fc00a2c39e90264f33305004495a9","hash":"8b34171bf66399226b4e37dceb10374003421887"}
,"I:\\PROGRAMMING\\WEB\\GIT\\LEARNING\\React-all-courses\\Ulbi-react-course\\new_version\\src\\pages\\AboutPage\\ui\\AboutPage.async.tsx": {"path":"I:\\PROGRAMMING\\WEB\\GIT\\LEARNING\\React-all-courses\\Ulbi-react-course\\new_version\\src\\pages\\AboutPage\\ui\\AboutPage.async.tsx","statementMap":{"0":{"start":{"line":3,"column":30},"end":{"line":10,"column":1}},"1":{"start":{"line":5,"column":4},"end":{"line":9,"column":6}},"2":{"start":{"line":8,"column":6},"end":{"line":8,"column":61}},"3":{"start":{"line":8,"column":23},"end":{"line":8,"column":53}}},"fnMap":{"0":{"name":"(anonymous_0)","decl":{"start":{"line":4,"column":2},"end":{"line":4,"column":3}},"loc":{"start":{"line":5,"column":4},"end":{"line":9,"column":6}},"line":5},"1":{"name":"(anonymous_1)","decl":{"start":{"line":5,"column":16},"end":{"line":5,"column":17}},"loc":{"start":{"line":5,"column":29},"end":{"line":9,"column":5}},"line":5},"2":{"name":"(anonymous_2)","decl":{"start":{"line":8,"column":17},"end":{"line":8,"column":18}},"loc":{"start":{"line":8,"column":23},"end":{"line":8,"column":53}},"line":8}},"branchMap":{},"s":{"0":1,"1":0,"2":0,"3":0},"f":{"0":0,"1":0,"2":0},"b":{},"_coverageSchema":"1a1c01bbd47fc00a2c39e90264f33305004495a9","hash":"37c33975866cb110b0f350831be5b929d2cab053"}
,"I:\\PROGRAMMING\\WEB\\GIT\\LEARNING\\React-all-courses\\Ulbi-react-course\\new_version\\src\\pages\\MainPage\\index.ts": {"path":"I:\\PROGRAMMING\\WEB\\GIT\\LEARNING\\React-all-courses\\Ulbi-react-course\\new_version\\src\\pages\\MainPage\\index.ts","statementMap":{},"fnMap":{},"branchMap":{},"s":{},"f":{},"b":{},"_coverageSchema":"1a1c01bbd47fc00a2c39e90264f33305004495a9","hash":"09454849e8bc85439f1f4a36a7fba66f1cb70cd7"}
,"I:\\PROGRAMMING\\WEB\\GIT\\LEARNING\\React-all-courses\\Ulbi-react-course\\new_version\\src\\pages\\MainPage\\ui\\MainPage.async.tsx": {"path":"I:\\PROGRAMMING\\WEB\\GIT\\LEARNING\\React-all-courses\\Ulbi-react-course\\new_version\\src\\pages\\MainPage\\ui\\MainPage.async.tsx","statementMap":{"0":{"start":{"line":3,"column":29},"end":{"line":10,"column":1}},"1":{"start":{"line":5,"column":4},"end":{"line":9,"column":6}},"2":{"start":{"line":8,"column":6},"end":{"line":8,"column":60}},"3":{"start":{"line":8,"column":23},"end":{"line":8,"column":52}}},"fnMap":{"0":{"name":"(anonymous_0)","decl":{"start":{"line":4,"column":2},"end":{"line":4,"column":3}},"loc":{"start":{"line":5,"column":4},"end":{"line":9,"column":6}},"line":5},"1":{"name":"(anonymous_1)","decl":{"start":{"line":5,"column":16},"end":{"line":5,"column":17}},"loc":{"start":{"line":5,"column":29},"end":{"line":9,"column":5}},"line":5},"2":{"name":"(anonymous_2)","decl":{"start":{"line":8,"column":17},"end":{"line":8,"column":18}},"loc":{"start":{"line":8,"column":23},"end":{"line":8,"column":52}},"line":8}},"branchMap":{},"s":{"0":1,"1":0,"2":0,"3":0},"f":{"0":0,"1":0,"2":0},"b":{},"_coverageSchema":"1a1c01bbd47fc00a2c39e90264f33305004495a9","hash":"f2df8049cc0eb9d5f5a65a09f6f034ebad860e48"}
,"I:\\PROGRAMMING\\WEB\\GIT\\LEARNING\\React-all-courses\\Ulbi-react-course\\new_version\\src\\pages\\NotFoundPage\\index.ts": {"path":"I:\\PROGRAMMING\\WEB\\GIT\\LEARNING\\React-all-courses\\Ulbi-react-course\\new_version\\src\\pages\\NotFoundPage\\index.ts","statementMap":{},"fnMap":{},"branchMap":{},"s":{},"f":{},"b":{},"_coverageSchema":"1a1c01bbd47fc00a2c39e90264f33305004495a9","hash":"d1c3dc92f0bb8d1938926e4a6897f3ebae3d88ce"}
,"I:\\PROGRAMMING\\WEB\\GIT\\LEARNING\\React-all-courses\\Ulbi-react-course\\new_version\\src\\pages\\NotFoundPage\\ui\\NotFoundPage.tsx": {"path":"I:\\PROGRAMMING\\WEB\\GIT\\LEARNING\\React-all-courses\\Ulbi-react-course\\new_version\\src\\pages\\NotFoundPage\\ui\\NotFoundPage.tsx","statementMap":{"0":{"start":{"line":9,"column":57},"end":{"line":15,"column":1}},"1":{"start":{"line":10,"column":2},"end":{"line":14,"column":4}}},"fnMap":{"0":{"name":"(anonymous_0)","decl":{"start":{"line":9,"column":57},"end":{"line":9,"column":58}},"loc":{"start":{"line":9,"column":76},"end":{"line":15,"column":1}},"line":9}},"branchMap":{},"s":{"0":1,"1":0},"f":{"0":0},"b":{},"_coverageSchema":"1a1c01bbd47fc00a2c39e90264f33305004495a9","hash":"afb8513ea57d26525cb1fbd520d1f30be11023b2"}
,"I:\\PROGRAMMING\\WEB\\GIT\\LEARNING\\React-all-courses\\Ulbi-react-course\\new_version\\src\\shared\\config\\routeConfig\\routeConfig.tsx": {"path":"I:\\PROGRAMMING\\WEB\\GIT\\LEARNING\\React-all-courses\\Ulbi-react-course\\new_version\\src\\shared\\config\\routeConfig\\routeConfig.tsx","statementMap":{"0":{"start":{"line":13,"column":52},"end":{"line":17,"column":1}},"1":{"start":{"line":19,"column":58},"end":{"line":32,"column":1}}},"fnMap":{},"branchMap":{},"s":{"0":1,"1":1},"f":{},"b":{},"_coverageSchema":"1a1c01bbd47fc00a2c39e90264f33305004495a9","hash":"adbde761a846275cee9f42897c2291d9d90f1a96"}
,"I:\\PROGRAMMING\\WEB\\GIT\\LEARNING\\React-all-courses\\Ulbi-react-course\\new_version\\src\\shared\\lib\\classNames\\classNames.ts": {"path":"I:\\PROGRAMMING\\WEB\\GIT\\LEARNING\\React-all-courses\\Ulbi-react-course\\new_version\\src\\shared\\lib\\classNames\\classNames.ts","statementMap":{"0":{"start":{"line":8,"column":2},"end":{"line":14,"column":14}},"1":{"start":{"line":12,"column":38},"end":{"line":12,"column":52}},"2":{"start":{"line":13,"column":28},"end":{"line":13,"column":37}}},"fnMap":{"0":{"name":"classNames","decl":{"start":{"line":3,"column":16},"end":{"line":3,"column":26}},"loc":{"start":{"line":7,"column":10},"end":{"line":15,"column":1}},"line":7},"1":{"name":"(anonymous_1)","decl":{"start":{"line":12,"column":14},"end":{"line":12,"column":15}},"loc":{"start":{"line":12,"column":38},"end":{"line":12,"column":52}},"line":12},"2":{"name":"(anonymous_2)","decl":{"start":{"line":13,"column":11},"end":{"line":13,"column":12}},"loc":{"start":{"line":13,"column":28},"end":{"line":13,"column":37}},"line":13}},"branchMap":{"0":{"loc":{"start":{"line":5,"column":2},"end":{"line":5,"column":17}},"type":"default-arg","locations":[{"start":{"line":5,"column":15},"end":{"line":5,"column":17}}],"line":5},"1":{"loc":{"start":{"line":6,"column":2},"end":{"line":6,"column":27}},"type":"default-arg","locations":[{"start":{"line":6,"column":25},"end":{"line":6,"column":27}}],"line":6}},"s":{"0":17,"1":3,"2":1},"f":{"0":17,"1":3,"2":1},"b":{"0":[0],"1":[0]},"_coverageSchema":"1a1c01bbd47fc00a2c39e90264f33305004495a9","hash":"015d831ad8af937e24589629d8e536095ba468ff"}
,"I:\\PROGRAMMING\\WEB\\GIT\\LEARNING\\React-all-courses\\Ulbi-react-course\\new_version\\src\\shared\\ui\\AppLink\\AppLink.tsx": {"path":"I:\\PROGRAMMING\\WEB\\GIT\\LEARNING\\React-all-courses\\Ulbi-react-course\\new_version\\src\\shared\\ui\\AppLink\\AppLink.tsx","statementMap":{"0":{"start":{"line":19,"column":47},"end":{"line":37,"column":1}},"1":{"start":{"line":26,"column":6},"end":{"line":26,"column":11}},"2":{"start":{"line":28,"column":2},"end":{"line":36,"column":4}}},"fnMap":{"0":{"name":"(anonymous_0)","decl":{"start":{"line":19,"column":47},"end":{"line":19,"column":48}},"loc":{"start":{"line":19,"column":58},"end":{"line":37,"column":1}},"line":19}},"branchMap":{"0":{"loc":{"start":{"line":24,"column":4},"end":{"line":24,"column":32}},"type":"default-arg","locations":[{"start":{"line":24,"column":12},"end":{"line":24,"column":32}}],"line":24}},"s":{"0":1,"1":6,"2":6},"f":{"0":6},"b":{"0":[0]},"_coverageSchema":"1a1c01bbd47fc00a2c39e90264f33305004495a9","hash":"4e46f728c3ff03652667bef3641395ca6deca481"}
,"I:\\PROGRAMMING\\WEB\\GIT\\LEARNING\\React-all-courses\\Ulbi-react-course\\new_version\\src\\shared\\ui\\AppLink\\index.ts": {"path":"I:\\PROGRAMMING\\WEB\\GIT\\LEARNING\\React-all-courses\\Ulbi-react-course\\new_version\\src\\shared\\ui\\AppLink\\index.ts","statementMap":{},"fnMap":{},"branchMap":{},"s":{},"f":{},"b":{},"_coverageSchema":"1a1c01bbd47fc00a2c39e90264f33305004495a9","hash":"b586964c9472344e929b4d7eb8791e4f60369d63"}
,"I:\\PROGRAMMING\\WEB\\GIT\\LEARNING\\React-all-courses\\Ulbi-react-course\\new_version\\src\\shared\\ui\\Button\\Button.tsx": {"path":"I:\\PROGRAMMING\\WEB\\GIT\\LEARNING\\React-all-courses\\Ulbi-react-course\\new_version\\src\\shared\\ui\\Button\\Button.tsx","statementMap":{"0":{"start":{"line":20,"column":45},"end":{"line":33,"column":1}},"1":{"start":{"line":21,"column":50},"end":{"line":21,"column":55}},"2":{"start":{"line":23,"column":2},"end":{"line":32,"column":4}}},"fnMap":{"0":{"name":"(anonymous_0)","decl":{"start":{"line":20,"column":45},"end":{"line":20,"column":46}},"loc":{"start":{"line":20,"column":56},"end":{"line":33,"column":1}},"line":20}},"branchMap":{},"s":{"0":2,"1":5,"2":5},"f":{"0":5},"b":{},"_coverageSchema":"1a1c01bbd47fc00a2c39e90264f33305004495a9","hash":"6006ea211f4ef9a532e07107a8bd3947c501502e"}
,"I:\\PROGRAMMING\\WEB\\GIT\\LEARNING\\React-all-courses\\Ulbi-react-course\\new_version\\src\\shared\\ui\\ThemeSwitcher\\index.ts": {"path":"I:\\PROGRAMMING\\WEB\\GIT\\LEARNING\\React-all-courses\\Ulbi-react-course\\new_version\\src\\shared\\ui\\ThemeSwitcher\\index.ts","statementMap":{},"fnMap":{},"branchMap":{},"s":{},"f":{},"b":{},"_coverageSchema":"1a1c01bbd47fc00a2c39e90264f33305004495a9","hash":"2a6c95cdbf562df36455e1b22e1574e06aec00ed"}
,"I:\\PROGRAMMING\\WEB\\GIT\\LEARNING\\React-all-courses\\Ulbi-react-course\\new_version\\src\\shared\\ui\\ThemeSwitcher\\ui\\ThemeSwitcher.tsx": {"path":"I:\\PROGRAMMING\\WEB\\GIT\\LEARNING\\React-all-courses\\Ulbi-react-course\\new_version\\src\\shared\\ui\\ThemeSwitcher\\ui\\ThemeSwitcher.tsx","statementMap":{"0":{"start":{"line":14,"column":59},"end":{"line":27,"column":1}},"1":{"start":{"line":15,"column":26},"end":{"line":15,"column":36}},"2":{"start":{"line":17,"column":2},"end":{"line":26,"column":4}}},"fnMap":{"0":{"name":"(anonymous_0)","decl":{"start":{"line":14,"column":59},"end":{"line":14,"column":60}},"loc":{"start":{"line":14,"column":78},"end":{"line":27,"column":1}},"line":14}},"branchMap":{},"s":{"0":1,"1":3,"2":3},"f":{"0":3},"b":{},"_coverageSchema":"1a1c01bbd47fc00a2c39e90264f33305004495a9","hash":"216d211673f3ac5c74f438d311a58b7dd0e6af56"}
,"I:\\PROGRAMMING\\WEB\\GIT\\LEARNING\\React-all-courses\\Ulbi-react-course\\new_version\\src\\widgets\\Sidebar\\ui\\Sidebar\\Sidebar.tsx": {"path":"I:\\PROGRAMMING\\WEB\\GIT\\LEARNING\\React-all-courses\\Ulbi-react-course\\new_version\\src\\widgets\\Sidebar\\ui\\Sidebar\\Sidebar.tsx","statementMap":{"0":{"start":{"line":17,"column":47},"end":{"line":58,"column":1}},"1":{"start":{"line":18,"column":24},"end":{"line":18,"column":29}},"2":{"start":{"line":19,"column":36},"end":{"line":19,"column":51}},"3":{"start":{"line":21,"column":19},"end":{"line":23,"column":3}},"4":{"start":{"line":22,"column":4},"end":{"line":22,"column":34}},"5":{"start":{"line":22,"column":27},"end":{"line":22,"column":32}},"6":{"start":{"line":25,"column":2},"end":{"line":57,"column":4}}},"fnMap":{"0":{"name":"(anonymous_0)","decl":{"start":{"line":17,"column":47},"end":{"line":17,"column":48}},"loc":{"start":{"line":17,"column":58},"end":{"line":58,"column":1}},"line":17},"1":{"name":"(anonymous_1)","decl":{"start":{"line":21,"column":19},"end":{"line":21,"column":20}},"loc":{"start":{"line":21,"column":25},"end":{"line":23,"column":3}},"line":21},"2":{"name":"(anonymous_2)","decl":{"start":{"line":22,"column":17},"end":{"line":22,"column":18}},"loc":{"start":{"line":22,"column":27},"end":{"line":22,"column":32}},"line":22}},"branchMap":{"0":{"loc":{"start":{"line":39,"column":9},"end":{"line":39,"column":30}},"type":"cond-expr","locations":[{"start":{"line":39,"column":21},"end":{"line":39,"column":24}},{"start":{"line":39,"column":27},"end":{"line":39,"column":30}}],"line":39}},"s":{"0":1,"1":3,"2":3,"3":3,"4":1,"5":1,"6":3},"f":{"0":3,"1":1,"2":1},"b":{"0":[1,2]},"_coverageSchema":"1a1c01bbd47fc00a2c39e90264f33305004495a9","hash":"6af23467b8ee8b68efcb6f30c273681a81910c6b"}
,"I:\\PROGRAMMING\\WEB\\GIT\\LEARNING\\React-all-courses\\Ulbi-react-course\\new_version\\src\\widgets\\Sidebar\\ui\\Sidebar\\index.ts": {"path":"I:\\PROGRAMMING\\WEB\\GIT\\LEARNING\\React-all-courses\\Ulbi-react-course\\new_version\\src\\widgets\\Sidebar\\ui\\Sidebar\\index.ts","statementMap":{},"fnMap":{},"branchMap":{},"s":{},"f":{},"b":{},"_coverageSchema":"1a1c01bbd47fc00a2c39e90264f33305004495a9","hash":"62f906345cc672f386c9b639debef7c5de3ae0f1"}
}
