TN:
SF:config\jest\jestEmptyComponent.tsx
FN:3,(anonymous_0)
FNF:1
FNH:1
FNDA:3,(anonymous_0)
DA:3,1
DA:4,3
LF:2
LH:2
BRF:0
BRH:0
end_of_record
TN:
SF:src\app\providers\ThemeProvider\index.ts
FNF:0
FNH:0
LF:0
LH:0
BRF:0
BRH:0
end_of_record
TN:
SF:src\app\providers\ThemeProvider\lib\ThemeContext.ts
FNF:0
FNH:0
DA:13,1
DA:15,1
LF:2
LH:2
BRF:0
BRH:0
end_of_record
TN:
SF:src\app\providers\ThemeProvider\lib\useTheme.ts
FN:9,useTheme
FN:12,(anonymous_1)
FNF:2
FNH:1
FNDA:3,useTheme
FNDA:0,(anonymous_1)
DA:10,3
DA:12,3
DA:13,0
DA:14,0
DA:15,0
DA:18,3
LF:6
LH:3
BRDA:13,0,0,0
BRDA:13,0,1,0
BRF:2
BRH:0
end_of_record
TN:
SF:src\app\providers\ThemeProvider\ui\ThemeProvider.tsx
FN:15,(anonymous_0)
FN:19,(anonymous_1)
FNF:2
FNH:0
FNDA:0,(anonymous_0)
FNDA:0,(anonymous_1)
DA:9,1
DA:15,1
DA:16,0
DA:18,0
DA:19,0
DA:26,0
LF:6
LH:2
BRDA:9,0,0,1
BRDA:9,0,1,1
BRF:2
BRH:2
end_of_record
TN:
SF:src\shared\lib\classNames\classNames.ts
FN:3,classNames
FN:12,(anonymous_1)
FN:13,(anonymous_2)
FNF:3
FNH:3
FNDA:16,classNames
FNDA:9,(anonymous_1)
FNDA:4,(anonymous_2)
DA:8,16
DA:12,9
DA:13,4
LF:3
LH:3
BRDA:5,0,0,1
BRDA:6,1,0,1
BRF:2
BRH:2
end_of_record
TN:
SF:src\shared\ui\Button\Button.tsx
FN:15,(anonymous_0)
FNF:1
FNH:1
FNDA:5,(anonymous_0)
DA:15,2
DA:16,5
DA:18,5
LF:3
LH:3
BRF:0
BRH:0
end_of_record
TN:
SF:src\shared\ui\ThemeSwitcher\index.ts
FNF:0
FNH:0
LF:0
LH:0
BRF:0
BRH:0
end_of_record
TN:
SF:src\shared\ui\ThemeSwitcher\ui\ThemeSwitcher.tsx
FN:14,(anonymous_0)
FNF:1
FNH:1
FNDA:3,(anonymous_0)
DA:14,1
DA:15,3
DA:17,3
LF:3
LH:3
BRF:0
BRH:0
end_of_record
TN:
SF:src\widgets\Sidebar\ui\Sidebar\Sidebar.tsx
FN:12,(anonymous_0)
FN:16,(anonymous_1)
FN:17,(anonymous_2)
FNF:3
FNH:3
FNDA:3,(anonymous_0)
FNDA:1,(anonymous_1)
FNDA:1,(anonymous_2)
DA:12,1
DA:13,3
DA:14,3
DA:16,3
DA:17,1
DA:20,3
LF:6
LH:6
BRF:0
BRH:0
end_of_record
TN:
SF:src\widgets\Sidebar\ui\Sidebar\index.ts
FNF:0
FNH:0
LF:0
LH:0
BRF:0
BRH:0
end_of_record
